Removed Pin From Net: NetName=3.3 Pin=R1-1
Removed Pin From Net: NetName=3.3 Pin=R2-1
Removed Member From Class: ClassName=FC_board Member=R6
Removed Member From Class: ClassName=FC_board Member=R7
Change Component Designator: OldDesignator=R3 NewDesignator=R1
Change Component Designator: OldDesignator=R4 NewDesignator=R2
Change Component Designator: OldDesignator=R5 NewDesignator=R3
Change Component Designator: OldDesignator=R6 NewDesignator=R4
Change Component Designator: OldDesignator=R7 NewDesignator=R5
Change Component Designator: OldDesignator=U NewDesignator=U1
Change Net Name : Old Net Name=NetR3_2 New Net Name=NetR1_2
Change Net Name : Old Net Name=NetR4_1 New Net Name=NetR2_1
Change Net Name : Old Net Name=NetR5_2 New Net Name=NetR3_2
Change Net Name : Old Net Name=NetU3_15 New Net Name=NetU1_8
Change Net Name : Old Net Name=NetU3_16 New Net Name=NetU1_6
Change Net Name : Old Net Name=NetU3_17 New Net Name=NetU1_7
Change Net Name : Old Net Name=NetU_4 New Net Name=NetU1_4
Added Pin To Net: NetName=NetU2_19 Pin=U2-19
Added Pin To Net: NetName=NetU2_19 Pin=U3-26
Added Net: Name=NetU2_19
Added Pin To Net: NetName=NetU2_20 Pin=U2-20
Added Pin To Net: NetName=NetU2_20 Pin=U3-27
Added Net: Name=NetU2_20
Added Room: Name=FC_board
