Removed Pin From Net: NetName=NetC7_2 Pin=C7-2
Removed Pin From Net: NetName=+5 Pin=P1-1
Removed Pin From Net: NetName=GND Pin=P1-2
Removed Pin From Net: NetName=NetJ4_1 Pin=P1-5
Removed Pin From Net: NetName=GND Pin=P1-7
Removed Pin From Net: NetName=3.3 Pin=P1-8
Removed Pin From Net: NetName=GND Pin=P2-1
Removed Pin From Net: NetName=GND Pin=P2-2
Removed Pin From Net: NetName=GND Pin=P2-3
Removed Pin From Net: NetName=GND Pin=P2-4
Removed Pin From Net: NetName=GND Pin=P2-5
Removed Pin From Net: NetName=GND Pin=P2-6
Removed Pin From Net: NetName=GND Pin=P2-7
Removed Pin From Net: NetName=GND Pin=P2-8
Removed Pin From Net: NetName=GND Pin=P2-9
Removed Pin From Net: NetName=GND Pin=P2-10
Removed Pin From Net: NetName=NetJ4_1 Pin=P3-4
Removed Pin From Net: NetName=NetJ4_1 Pin=P3-5
Removed Pin From Net: NetName=NetJ4_1 Pin=P3-6
Removed Pin From Net: NetName=3.3 Pin=R2-1
Removed Pin From Net: NetName=NetC18_2 Pin=R2-2
Removed Pin From Net: NetName=3.3 Pin=R3-1
Removed Pin From Net: NetName=NetJ4_1 Pin=U1-18
Removed Pin From Net: NetName=NetJ4_1 Pin=U1-19
Removed Pin From Net: NetName=NetJ4_1 Pin=U1-20
Removed Pin From Net: NetName=NetJ4_1 Pin=U1-39
Removed Pin From Net: NetName=NetJ4_1 Pin=U1-40
Removed Pin From Net: NetName=NetJ4_1 Pin=U1-41
Removed Pin From Net: NetName=NetJ4_1 Pin=U1-43
Removed Pin From Net: NetName=NetJ4_2 Pin=U1-45
Removed Pin From Net: NetName=NetJ4_3 Pin=U1-46
Removed Pin From Net: NetName=NetJ4_1 Pin=U3-4
Removed Pin From Net: NetName=NetJ4_1 Pin=U3-5
Removed Pin From Net: NetName=NetC7_2 Pin=U4-26
Removed Pin From Net: NetName=NetJ4_1 Pin=U7-6
Removed Member From Class: ClassName=FC_board Member=C31
Removed Member From Class: ClassName=FC_board Member=C34
Removed Member From Class: ClassName=FC_board Member=P1
Removed Member From Class: ClassName=FC_board Member=P2
Removed Member From Class: ClassName=FC_board Member=P3
Removed Member From Class: ClassName=FC_board Member=U7
Change Component Comment : Designator=Y2 Old Comment=ABM3-8.000MHZ-D2Y-T New Comment=8.000MHZ
Change Component Designator: OldDesignator=C1 NewDesignator=C3
Change Component Designator: OldDesignator=C2 NewDesignator=C1
Change Component Designator: OldDesignator=C3 NewDesignator=C2
Change Component Designator: OldDesignator=C5 NewDesignator=C7
Change Component Designator: OldDesignator=C6 NewDesignator=C5
Change Component Designator: OldDesignator=C7 NewDesignator=C6
Change Component Designator: OldDesignator=C10 NewDesignator=C11
Change Component Designator: OldDesignator=C11 NewDesignator=C13
Change Component Designator: OldDesignator=C13 NewDesignator=C10
Change Component Designator: OldDesignator=C14 NewDesignator=C15
Change Component Designator: OldDesignator=C15 NewDesignator=C23
Change Component Designator: OldDesignator=C17 NewDesignator=C25
Change Component Designator: OldDesignator=C18 NewDesignator=C14
Change Component Designator: OldDesignator=C20 NewDesignator=C16
Change Component Designator: OldDesignator=C21 NewDesignator=C17
Change Component Designator: OldDesignator=C28 NewDesignator=C18
Change Component Designator: OldDesignator=C29 NewDesignator=C19
Change Component Designator: OldDesignator=C30 NewDesignator=C20
Change Component Designator: OldDesignator=C31 NewDesignator=C21
Change Component Designator: OldDesignator=C32 NewDesignator=C22
Change Component Designator: OldDesignator=C33 NewDesignator=C27
Change Component Designator: OldDesignator=C34 NewDesignator=C28
Change Component Designator: OldDesignator=J1 NewDesignator=J2
Change Component Designator: OldDesignator=J2 NewDesignator=J3
Change Component Designator: OldDesignator=J3 NewDesignator=J5
Change Component Designator: OldDesignator=J5 NewDesignator=J6
Change Component Designator: OldDesignator=R4 NewDesignator=R1
Change Component Designator: OldDesignator=R5 NewDesignator=R2
Change Component Designator: OldDesignator=R6 NewDesignator=R3
Change Component Designator: OldDesignator=R7 NewDesignator=R4
Change Component Designator: OldDesignator=U1 NewDesignator=U3
Change Component Designator: OldDesignator=U2 NewDesignator=U5
Change Component Designator: OldDesignator=U3 NewDesignator=U1
Change Component Designator: OldDesignator=U4 NewDesignator=U2
Change Component Designator: OldDesignator=U7 NewDesignator=U4
Add Component: Footprint Not Found CAP_0805
Add Component: Footprint Not Found CAP_0805
Added Component: Designator=J1(HEADER3x2)
Add component (AddParameter): Name = "Category"; Value = "Connectors"; VariantName = "[No Variations]"
Add component (AddParameter): Name = "ComponentLink1Description"; Value = "https://datasheet.ciiva.com/10103/54102-10103325.pdf?src-supplier=Avnet"; VariantName = "[No Variations]"
Add component (AddParameter): Name = "ComponentLink1URL"; Value = "https://datasheet.ciiva.com/10103/54102-10103325.pdf?src-supplier=Avnet"; VariantName = "[No Variations]"
Add component (AddParameter): Name = "ComponentLink2Description"; Value = "https://datasheet.ciiva.com/6859/nrpnxx2paen-rcrevf-6859114.pdf?src-supplier=Digi-Key"; VariantName = "[No Variations]"
Add component (AddParameter): Name = "ComponentLink2URL"; Value = "https://datasheet.ciiva.com/6859/nrpnxx2paen-rcrevf-6859114.pdf?src-supplier=Digi-Key"; VariantName = "[No Variations]"
Add component (AddParameter): Name = "Designed by"; Value = "Oðuzhan EÞEN"; VariantName = "[No Variations]"
Add component (AddParameter): Name = "Manufacturer"; Value = "Sullins"; VariantName = "[No Variations]"
Add component (AddParameter): Name = "Manufacturer Part Number"; Value = "NRPN032PAEN-RC"; VariantName = "[No Variations]"
Add component (AddParameter): Name = "Pricing 1"; Value = "1=0,33000, 10=0,31100, 25=0,26680, 50=0,22680, 100=0,21790, 250=0,19564, 500=0,18674 (USD)"; VariantName = "[No Variations]"
Add component (AddParameter): Name = "RoHS"; Value = "Yes"; VariantName = "[No Variations]"
Add component (AddParameter): Name = "Stock 1"; Value = "6312"; VariantName = "[No Variations]"
Add component (AddParameter): Name = "Supplier 1"; Value = "Digi-Key"; VariantName = "[No Variations]"
Add component (AddParameter): Name = "Supplier Part Number 1"; Value = "S5801-03-ND"; VariantName = "[No Variations]"
Added Component: Designator=R5(RES_0805)
Add component (AddParameter): Name = "Availability"; Value = "In Stock"; VariantName = "[No Variations]"
Add component (AddParameter): Name = "MF"; Value = "Yageo"; VariantName = "[No Variations]"
Add component (AddParameter): Name = "MP"; Value = "RC0805FR-07910RL"; VariantName = "[No Variations]"
Add component (AddParameter): Name = "Package"; Value = "2012 Rohm Semiconductor"; VariantName = "[No Variations]"
Add component (AddParameter): Name = "Price"; Value = "None"; VariantName = "[No Variations]"
Add component (AddParameter): Name = "Purchase-URL"; Value = "https://pricing.snapeda.com/search/part/RC0805FR-07910RL/?ref=eda"; VariantName = "[No Variations]"
Add component (AddParameter): Name = "Value"; Value = ""; VariantName = "[No Variations]"
Added Component: Designator=R6(RES_0805)
Add component (AddParameter): Name = "Availability"; Value = "In Stock"; VariantName = "[No Variations]"
Add component (AddParameter): Name = "MF"; Value = "Yageo"; VariantName = "[No Variations]"
Add component (AddParameter): Name = "MP"; Value = "RC0805FR-07910RL"; VariantName = "[No Variations]"
Add component (AddParameter): Name = "Package"; Value = "2012 Rohm Semiconductor"; VariantName = "[No Variations]"
Add component (AddParameter): Name = "Price"; Value = "None"; VariantName = "[No Variations]"
Add component (AddParameter): Name = "Purchase-URL"; Value = "https://pricing.snapeda.com/search/part/RC0805FR-07910RL/?ref=eda"; VariantName = "[No Variations]"
Add component (AddParameter): Name = "Value"; Value = ""; VariantName = "[No Variations]"
Added Component: Designator=R7(RES_0805)
Add component (AddParameter): Name = "Availability"; Value = "In Stock"; VariantName = "[No Variations]"
Add component (AddParameter): Name = "MF"; Value = "Yageo"; VariantName = "[No Variations]"
Add component (AddParameter): Name = "MP"; Value = "RC0805FR-07910RL"; VariantName = "[No Variations]"
Add component (AddParameter): Name = "Package"; Value = "2012 Rohm Semiconductor"; VariantName = "[No Variations]"
Add component (AddParameter): Name = "Price"; Value = "None"; VariantName = "[No Variations]"
Add component (AddParameter): Name = "Purchase-URL"; Value = "https://pricing.snapeda.com/search/part/RC0805FR-07910RL/?ref=eda"; VariantName = "[No Variations]"
Add component (AddParameter): Name = "Value"; Value = ""; VariantName = "[No Variations]"
Add Component: Footprint Not Found CRYSTAL_32_15
Added Pin To Net: NetName=NetC7_2 Pin=C7-2
Add Pin To Net: Unknown Pin: Pin C24-1
Add Pin To Net: Unknown Pin: Pin C24-2
Add Pin To Net: Unknown Pin: Pin C26-1
Add Pin To Net: Unknown Pin: Pin C26-2
Added Pin To Net: NetName=GND Pin=J1-3
Added Pin To Net: NetName=+5 Pin=J1-6
Added Pin To Net: NetName=+5 Pin=J2-1
Added Pin To Net: NetName=GND Pin=J2-5
Added Pin To Net: NetName=+5 Pin=J3-1
Added Pin To Net: NetName=GND Pin=J3-5
Added Pin To Net: NetName=3.3 Pin=J6-1
Added Pin To Net: NetName=GND Pin=J6-4
Added Pin To Net: NetName=3.3 Pin=R1-1
Added Pin To Net: NetName=3.3 Pin=R2-1
Added Pin To Net: NetName=3.3 Pin=R6-1
Added Pin To Net: NetName=NetC18_2 Pin=R6-2
Added Pin To Net: NetName=3.3 Pin=R7-1
Added Pin To Net: NetName=NetC7_2 Pin=U2-27
Added Pin To Net: NetName=NetJ4_2 Pin=U3-43
Added Pin To Net: NetName=NetJ4_3 Pin=U3-45
Added Pin To Net: NetName=NetJ4_4 Pin=U3-46
Add Pin To Net: Unknown Pin: Pin Y1-1
Change Net Name : Old Net Name=NetC6_2 New Net Name=NetC5_2
Change Net Name : Old Net Name=NetC10_2 New Net Name=NetC10_1
Change Net Name : Old Net Name=NetC11_2 New Net Name=NetC13_2
Change Net Name : Old Net Name=NetC14_2 New Net Name=NetC15_2
Change Net Name : Old Net Name=NetC18_2 New Net Name=NetC14_2
Change Net Name : Old Net Name=NetR4_2 New Net Name=NetR1_2
Change Net Name : Old Net Name=NetR5_2 New Net Name=NetR2_2
Change Net Name : Old Net Name=NetR7_1 New Net Name=NetR4_1
Change Net Name : Old Net Name=NetU1_15 New Net Name=NetU1_8
Change Net Name : Old Net Name=NetU1_16 New Net Name=NetU1_6
Change Net Name : Old Net Name=NetU1_17 New Net Name=NetU1_7
Change Net Name : Old Net Name=NetU1_25 New Net Name=NetU2_18
Change Net Name : Old Net Name=NetU1_28 New Net Name=NetU2_17
Change Net Name : Old Net Name=NetU1_29 New Net Name=NetU2_6
Change Net Name : Old Net Name=NetU1_30 New Net Name=NetU2_11
Change Net Name : Old Net Name=NetU1_31 New Net Name=NetU2_14
Added Pin To Net: NetName=NetC6_2 Pin=C6-2
Added Pin To Net: NetName=NetC6_2 Pin=U2-26
Added Net: Name=NetC6_2
Added Pin To Net: NetName=NetDS1_1 Pin=DS1-1
Added Pin To Net: NetName=NetDS1_1 Pin=R5-1
Added Net: Name=NetDS1_1
Added Pin To Net: NetName=NetDS2_1 Pin=DS2-1
Added Pin To Net: NetName=NetDS2_1 Pin=R7-2
Added Net: Name=NetDS2_1
Added Pin To Net: NetName=NetJ1_1 Pin=J1-1
Added Pin To Net: NetName=NetJ1_1 Pin=U3-32
Added Net: Name=NetJ1_1
Added Pin To Net: NetName=NetJ1_2 Pin=J1-2
Added Pin To Net: NetName=NetJ1_2 Pin=U3-33
Added Net: Name=NetJ1_2
Added Pin To Net: NetName=NetJ2_2 Pin=J2-2
Added Pin To Net: NetName=NetJ2_2 Pin=U3-12
Added Net: Name=NetJ2_2
Added Pin To Net: NetName=NetJ2_3 Pin=J2-3
Added Pin To Net: NetName=NetJ2_3 Pin=U3-13
Added Net: Name=NetJ2_3
Added Pin To Net: NetName=NetJ3_2 Pin=J3-2
Added Pin To Net: NetName=NetJ3_2 Pin=U3-38
Added Net: Name=NetJ3_2
Added Pin To Net: NetName=NetJ3_3 Pin=J3-3
Added Pin To Net: NetName=NetJ3_3 Pin=U3-39
Added Net: Name=NetJ3_3
Added Pin To Net: NetName=NetJ6_2 Pin=J6-2
Added Pin To Net: NetName=NetJ6_2 Pin=U3-34
Added Net: Name=NetJ6_2
Added Pin To Net: NetName=NetJ6_3 Pin=J6-3
Added Pin To Net: NetName=NetJ6_3 Pin=U3-37
Added Net: Name=NetJ6_3
Added Pin To Net: NetName=NetR3_2 Pin=R3-2
Added Pin To Net: NetName=NetR3_2 Pin=U3-3
Added Net: Name=NetR3_2
Added Pin To Net: NetName=NetR5_2 Pin=R5-2
Added Pin To Net: NetName=NetR5_2 Pin=U3-2
Added Net: Name=NetR5_2
Added Pin To Net: NetName=NetU1_4 Pin=U1-4
Added Pin To Net: NetName=NetU1_4 Pin=U1-5
Added Net: Name=NetU1_4
Added Pin To Net: NetName=NetU3_18 Pin=U3-18
Added Pin To Net: NetName=NetU3_18 Pin=U4-6
Added Net: Name=NetU3_18
Added Pin To Net: NetName=NetU3_19 Pin=U3-19
Added Pin To Net: NetName=NetU3_19 Pin=U4-5
Added Net: Name=NetU3_19
Added Member To Class: ClassName=FC_board Member=Component C23 CAP CER 10uF 0805
Add Class Member: Failed to add class member : Component C24 CAP CER 100nF 0805
Added Member To Class: ClassName=FC_board Member=Component C25 CAP CER 10uF 0805
Add Class Member: Failed to add class member : Component C26 CAP CER 100nF 0805
Added Member To Class: ClassName=FC_board Member=Component J6 STLINK
Added Member To Class: ClassName=FC_board Member=Component U5 AMS1117-3.3
Add Class Member: Failed to add class member : Component Y1 32.768kHz
