Removed Pin From Net: NetName=+5 Pin=C?-2
Change Component Designator: OldDesignator=BZ? NewDesignator=BZ1
Change Component Designator: OldDesignator=C? NewDesignator=C1
Change Component Designator: OldDesignator=C? NewDesignator=C2
Change Component Designator: OldDesignator=C? NewDesignator=C3
Change Component Designator: OldDesignator=C? NewDesignator=C4
Change Component Designator: OldDesignator=C? NewDesignator=C5
Change Component Designator: OldDesignator=C? NewDesignator=C6
Change Component Designator: OldDesignator=C? NewDesignator=C7
Change Component Designator: OldDesignator=C? NewDesignator=C8
Change Component Designator: OldDesignator=C? NewDesignator=C9
Change Component Designator: OldDesignator=C? NewDesignator=C10
Change Component Designator: OldDesignator=C? NewDesignator=C12
Change Component Designator: OldDesignator=C? NewDesignator=C13
Change Component Designator: OldDesignator=C? NewDesignator=C14
Change Component Designator: OldDesignator=C? NewDesignator=C15
Change Component Designator: OldDesignator=C? NewDesignator=C17
Change Component Designator: OldDesignator=J? NewDesignator=J1
Change Component Designator: OldDesignator=J? NewDesignator=J2
Change Component Designator: OldDesignator=J? NewDesignator=J3
Change Component Designator: OldDesignator=J? NewDesignator=J4
Change Component Designator: OldDesignator=J? NewDesignator=J5
Change Component Designator: OldDesignator=Q? NewDesignator=Q1
Add Component: Footprint Not Found CAP_0805
Add Component: Footprint Not Found CAP_0805
Added Component: Designator=R4(RESC2013X50X30LL20T20)
Add Component: Footprint Not Found IC_BNO080
Add Component: Footprint Not Found XTAL_HC49P488W43L1085T450H368
Add Component: Footprint Not Found XTAL_CM7V-T1A-32.768KHZ-12.5PF-20PPM-TA-QC
Added Pin To Net: NetName=5VDC Pin=C1-2
Add Pin To Net: Unknown Pin: Pin C16-1
Add Pin To Net: Unknown Pin: Pin C16-2
Add Pin To Net: Unknown Pin: Pin C19-1
Add Pin To Net: Unknown Pin: Pin C19-2
Add Pin To Net: Unknown Pin: Pin R4-1
Add Pin To Net: Unknown Pin: Pin U6-2
Add Pin To Net: Unknown Pin: Pin U6-3
Add Pin To Net: Unknown Pin: Pin U6-4
Add Pin To Net: Unknown Pin: Pin U6-5
Add Pin To Net: Unknown Pin: Pin U6-6
Add Pin To Net: Unknown Pin: Pin U6-10
Add Pin To Net: Unknown Pin: Pin U6-11
Add Pin To Net: Unknown Pin: Pin U6-14
Add Pin To Net: Unknown Pin: Pin U6-17
Add Pin To Net: Unknown Pin: Pin U6-18
Add Pin To Net: Unknown Pin: Pin U6-19
Add Pin To Net: Unknown Pin: Pin U6-20
Add Pin To Net: Unknown Pin: Pin U6-25
Add Pin To Net: Unknown Pin: Pin U6-28
Change Net Name : Old Net Name=NetBZ?_2 New Net Name=NetBZ1_2
Change Net Name : Old Net Name=NetC?_1 New Net Name=NetC10_2
Change Net Name : Old Net Name=NetJ?_1 New Net Name=NetJ4_1
Change Net Name : Old Net Name=NetJ?_2 New Net Name=NetJ4_2
Change Net Name : Old Net Name=NetJ?_3 New Net Name=NetJ4_3
Change Net Name : Old Net Name=NetJ?_4 New Net Name=NetJ4_4
Added Pin To Net: NetName=NetC5_2 Pin=C5-2
Added Net: Name=NetC5_2
Added Pin To Net: NetName=NetC6_2 Pin=C6-2
Added Net: Name=NetC6_2
Added Pin To Net: NetName=NetC7_2 Pin=C7-2
Added Net: Name=NetC7_2
Added Pin To Net: NetName=NetC8_1 Pin=C8-1
Added Pin To Net: NetName=NetC8_1 Pin=U7-14
Added Net: Name=NetC8_1
Added Pin To Net: NetName=NetC9_2 Pin=C9-2
Added Pin To Net: NetName=NetC9_2 Pin=U1-5
Added Net: Name=NetC9_2
Added Pin To Net: NetName=NetC14_2 Pin=C14-2
Added Pin To Net: NetName=NetC14_2 Pin=U1-6
Added Net: Name=NetC14_2
Added Pin To Net: NetName=NetQ1_1 Pin=Q1-1
Added Net: Name=NetQ1_1
Added Member To Class: ClassName=FC_board Member=Component C1 CAP CER 100nF 0805
Added Member To Class: ClassName=FC_board Member=Component C2 CL21B105KBFNNNE
Added Member To Class: ClassName=FC_board Member=Component C3 CL21B105KBFNNNE
Added Member To Class: ClassName=FC_board Member=Component C4 CAP CER 100nF 0805
Added Member To Class: ClassName=FC_board Member=Component C5 CL21B105KBFNNNE
Added Member To Class: ClassName=FC_board Member=Component C6 CAP CER  0.1uF 0805
Added Member To Class: ClassName=FC_board Member=Component C7 CL21B105KBFNNNE
Added Member To Class: ClassName=FC_board Member=Component C8 CAP CER  0.1uF 0805
Added Member To Class: ClassName=FC_board Member=Component C9 CL21B105KBFNNNE
Added Member To Class: ClassName=FC_board Member=Component C10 CAP CER  0.1uF 0805
Added Member To Class: ClassName=FC_board Member=Component C13 CAP CER 2.2uF 0805
Added Member To Class: ClassName=FC_board Member=Component C14 CL21B105KBFNNNE
Added Member To Class: ClassName=FC_board Member=Component C15 CAP CER 10uF 0805
Add Class Member: Failed to add class member : Component C16 CAP CER 100nF 0805
Added Member To Class: ClassName=FC_board Member=Component C17 CAP CER 10uF 0805
Add Class Member: Failed to add class member : Component C19 CAP CER 100nF 0805
Added Member To Class: ClassName=FC_board Member=Component J1 GPS_JST_5PIN
Added Member To Class: ClassName=FC_board Member=Component J3 POWER_SOCKET
Added Member To Class: ClassName=FC_board Member=Component J4 Motor_Outputs
Added Member To Class: ClassName=FC_board Member=Component J5 STLINK
Add Class Member: Failed to add class member : Component R4 100
Add Class Member: Failed to add class member : Component U6 BNO080
Add Class Member: Failed to add class member : Component Y1 ATS08A-E
Add Class Member: Failed to add class member : Component Y3 C
